2016-05-30 13:52:24,651346 Start matching phase for user id: 27
2016-05-30 13:52:25,276901 User 27 matched to id: 27
2016-05-30 13:52:36,877411 Start matching phase for user id: 0
2016-05-30 13:52:42,078801 Start matching phase for user id: 0
2016-05-30 13:52:44,472290 Start matching phase for user id: 0
2016-05-30 13:54:13,132468 Start matching phase for user id: 0
2016-05-30 13:55:17,322496 Start matching phase for user id: 0
2016-05-30 13:55:53,033335 Start matching phase for user id: 0
2016-05-30 13:55:54,671226 Start matching phase for user id: 0
2016-05-30 13:55:54,816318 Start matching phase for user id: 0
2016-05-30 13:55:55,113988 Start matching phase for user id: 0
2016-05-30 13:55:55,247047 Start matching phase for user id: 0
2016-05-30 14:49:14,181937 Start matching phase for user id: 18
2016-05-30 14:49:14,945376 User 18 matched to id: 18
2016-05-30 14:49:18,950965 Start matching phase for user id: 18
2016-05-30 14:49:20,727671 Min distancce: 0.0618134
2016-05-30 14:49:20,924379 User 18 matched to id: 18
2016-05-30 18:33:35,486355 Start matching phase for user id: 27
2016-05-30 18:50:06,266000 Start matching phase for user id: 20
2016-05-30 18:50:06,995831 User 20 matched to id: 105
2016-05-30 18:50:21,353389 Start matching phase for user id: 22
2016-05-30 18:50:21,978983 User 22 matched to id: 61
2016-05-30 18:53:35,033325 Start matching phase for user id: 20
2016-05-30 18:56:12,395947 Start matching phase for user id: 20
2016-05-30 18:56:13,072530 User 20 matched to id: 20
2016-05-30 19:09:56,062579 Start matching phase for user id: 1
2016-05-30 19:09:56,673089 User 1 matched to id: 1
2016-05-30 19:22:02,445150 User 88 matched to id: 88
2016-05-30 19:22:03,097694 User 97 matched to id: 94
2016-05-30 19:22:03,720723 User 12 matched to id: 12
2016-05-30 19:22:04,331132 User 138 matched to id: 76
2016-05-30 19:22:04,946245 User 68 matched to id: 68
2016-05-30 19:22:05,574156 User 46 matched to id: 46
2016-05-30 19:22:06,196640 User 48 matched to id: 2
2016-05-30 19:22:06,834293 User 118 matched to id: 31
2016-05-30 19:22:07,484583 User 33 matched to id: 33
2016-05-31 12:06:33,453446 Min distancce: 0.0265656
2016-05-31 15:53:23,868775 Boundary starting point not found
2016-05-31 15:53:23,870157 Error during single verification: user 0 Exception: Boundary starting point not found
